2015-08-07 15:46:51 Error: [MissingControllerException] Controller class CampaignController could not be found.
Exception Attributes: array (
  'class' => 'CampaignController',
  'plugin' => NULL,
)
Request URL: /cakepro/campaign
Stack Trace:
#0 /var/www/html/cakepro/app/webroot/index.php(118): Dispatcher->dispatch(Object(CakeRequest), Object(CakeResponse))
#1 {main}
2015-08-07 15:46:58 Error: Fatal Error (1): Cannot access empty property in [/var/www/html/cakepro/lib/Cake/Model/Model.php, line 1077]
2015-08-07 15:46:58 Error: [FatalErrorException] Cannot access empty property
Request URL: /cakepro/campaigns
Stack Trace:
#0 /var/www/html/cakepro/lib/Cake/Error/ErrorHandler.php(213): ErrorHandler::handleFatalError(1, 'Cannot access e...', '/var/www/html/c...', 1077)
#1 [internal function]: ErrorHandler::handleError(1, 'Cannot access e...', '/var/www/html/c...', 1077, Array)
#2 /var/www/html/cakepro/lib/Cake/Core/App.php(933): call_user_func('ErrorHandler::h...', 1, 'Cannot access e...', '/var/www/html/c...', 1077, Array)
#3 /var/www/html/cakepro/lib/Cake/Core/App.php(906): App::_checkFatalError()
#4 [internal function]: App::shutdown()
#5 {main}
2015-08-07 15:50:24 Error: [MissingControllerException] Controller class ClientsController could not be found.
Exception Attributes: array (
  'class' => 'ClientsController',
  'plugin' => NULL,
)
Request URL: /cakepro/clients/add
Stack Trace:
#0 /var/www/html/cakepro/app/webroot/index.php(118): Dispatcher->dispatch(Object(CakeRequest), Object(CakeResponse))
#1 {main}
2015-08-08 16:38:06 Error: [MissingControllerException] Controller class AdminController could not be found.
Exception Attributes: array (
  'class' => 'AdminController',
  'plugin' => NULL,
)
Request URL: /cakepro/
Stack Trace:
#0 /var/www/html/cakepro/app/webroot/index.php(118): Dispatcher->dispatch(Object(CakeRequest), Object(CakeResponse))
#1 {main}
2015-08-10 11:21:21 Error: [MissingControllerException] Controller class AdminController could not be found.
Exception Attributes: array (
  'class' => 'AdminController',
  'plugin' => NULL,
)
Request URL: /cakepro/
Stack Trace:
#0 /var/www/html/cakepro/app/webroot/index.php(118): Dispatcher->dispatch(Object(CakeRequest), Object(CakeResponse))
#1 {main}
2015-08-10 11:21:24 Error: [MissingControllerException] Controller class AdminController could not be found.
Exception Attributes: array (
  'class' => 'AdminController',
  'plugin' => NULL,
)
Request URL: /cakepro/admin
Stack Trace:
#0 /var/www/html/cakepro/app/webroot/index.php(118): Dispatcher->dispatch(Object(CakeRequest), Object(CakeResponse))
#1 {main}
2015-08-10 11:23:20 Error: Fatal Error (1): Call to undefined method AdminController::isLoggedIn() in [/var/www/html/cakepro/app/Controller/AdminController.php, line 12]
2015-08-10 11:23:20 Error: [FatalErrorException] Call to undefined method AdminController::isLoggedIn()
Request URL: /cakepro/
Stack Trace:
#0 /var/www/html/cakepro/lib/Cake/Error/ErrorHandler.php(213): ErrorHandler::handleFatalError(1, 'Call to undefin...', '/var/www/html/c...', 12)
#1 [internal function]: ErrorHandler::handleError(1, 'Call to undefin...', '/var/www/html/c...', 12, Array)
#2 /var/www/html/cakepro/lib/Cake/Core/App.php(933): call_user_func('ErrorHandler::h...', 1, 'Call to undefin...', '/var/www/html/c...', 12, Array)
#3 /var/www/html/cakepro/lib/Cake/Core/App.php(906): App::_checkFatalError()
#4 [internal function]: App::shutdown()
#5 {main}
2015-08-10 11:24:16 Error: [MissingTableException] Table admins for model Admin was not found in datasource default.
Exception Attributes: array (
  'table' => 'admins',
  'class' => 'Admin',
  'ds' => 'default',
)
Request URL: /cakepro/Admin/login
Stack Trace:
#0 /var/www/html/cakepro/lib/Cake/Model/Model.php(3644): Model->setSource('admins')
#1 /var/www/html/cakepro/lib/Cake/Model/Model.php(1387): Model->getDataSource()
#2 /var/www/html/cakepro/lib/Cake/View/Helper/FormHelper.php(215): Model->schema()
#3 /var/www/html/cakepro/lib/Cake/View/Helper/FormHelper.php(468): FormHelper->_introspectModel('Admin', 'fields')
#4 /var/www/html/cakepro/app/View/Admin/login.ctp(10): FormHelper->create('Admin', Array)
#5 /var/www/html/cakepro/lib/Cake/View/View.php(971): include('/var/www/html/c...')
#6 /var/www/html/cakepro/lib/Cake/View/View.php(933): View->_evaluate('/var/www/html/c...', Array)
#7 /var/www/html/cakepro/lib/Cake/View/View.php(473): View->_render('/var/www/html/c...')
#8 /var/www/html/cakepro/lib/Cake/Controller/Controller.php(960): View->render(NULL, NULL)
#9 /var/www/html/cakepro/lib/Cake/Routing/Dispatcher.php(200): Controller->render()
#10 /var/www/html/cakepro/lib/Cake/Routing/Dispatcher.php(167): Dispatcher->_invoke(Object(AdminController), Object(CakeRequest))
#11 /var/www/html/cakepro/app/webroot/index.php(118): Dispatcher->dispatch(Object(CakeRequest), Object(CakeResponse))
#12 {main}
2015-08-10 11:24:56 Error: [MissingTableException] Table admins for model Admin was not found in datasource default.
Exception Attributes: array (
  'table' => 'admins',
  'class' => 'Admin',
  'ds' => 'default',
)
Request URL: /cakepro/Admin/login
Stack Trace:
#0 /var/www/html/cakepro/lib/Cake/Model/Model.php(3644): Model->setSource('admins')
#1 /var/www/html/cakepro/lib/Cake/Model/Model.php(1387): Model->getDataSource()
#2 /var/www/html/cakepro/lib/Cake/View/Helper/FormHelper.php(215): Model->schema()
#3 /var/www/html/cakepro/lib/Cake/View/Helper/FormHelper.php(468): FormHelper->_introspectModel('Admin', 'fields')
#4 /var/www/html/cakepro/app/View/Admin/login.ctp(10): FormHelper->create('Admin', Array)
#5 /var/www/html/cakepro/lib/Cake/View/View.php(971): include('/var/www/html/c...')
#6 /var/www/html/cakepro/lib/Cake/View/View.php(933): View->_evaluate('/var/www/html/c...', Array)
#7 /var/www/html/cakepro/lib/Cake/View/View.php(473): View->_render('/var/www/html/c...')
#8 /var/www/html/cakepro/lib/Cake/Controller/Controller.php(960): View->render(NULL, NULL)
#9 /var/www/html/cakepro/lib/Cake/Routing/Dispatcher.php(200): Controller->render()
#10 /var/www/html/cakepro/lib/Cake/Routing/Dispatcher.php(167): Dispatcher->_invoke(Object(AdminController), Object(CakeRequest))
#11 /var/www/html/cakepro/app/webroot/index.php(118): Dispatcher->dispatch(Object(CakeRequest), Object(CakeResponse))
#12 {main}
2015-08-10 11:25:40 Error: [MissingLayoutException] Layout file "Layouts/admin.ctp" is missing.
Exception Attributes: array (
  'file' => 'Layouts/admin.ctp',
)
Request URL: /cakepro/Admin/login
Stack Trace:
#0 /var/www/html/cakepro/lib/Cake/View/View.php(514): View->_getLayoutFileName('admin')
#1 /var/www/html/cakepro/lib/Cake/View/View.php(481): View->renderLayout('', 'admin')
#2 /var/www/html/cakepro/lib/Cake/Controller/Controller.php(960): View->render(NULL, NULL)
#3 /var/www/html/cakepro/lib/Cake/Routing/Dispatcher.php(200): Controller->render()
#4 /var/www/html/cakepro/lib/Cake/Routing/Dispatcher.php(167): Dispatcher->_invoke(Object(AdminController), Object(CakeRequest))
#5 /var/www/html/cakepro/app/webroot/index.php(118): Dispatcher->dispatch(Object(CakeRequest), Object(CakeResponse))
#6 {main}
2015-08-10 11:27:09 Error: [MissingControllerException] Controller class CssController could not be found.
Exception Attributes: array (
  'class' => 'CssController',
  'plugin' => NULL,
)
Request URL: /cakepro/css/style.css
Stack Trace:
#0 /var/www/html/cakepro/app/webroot/index.php(118): Dispatcher->dispatch(Object(CakeRequest), Object(CakeResponse))
#1 {main}
2015-08-10 11:27:09 Error: [MissingControllerException] Controller class CssController could not be found.
Exception Attributes: array (
  'class' => 'CssController',
  'plugin' => NULL,
)
Request URL: /cakepro/css/bootstrap.min.css
Stack Trace:
#0 /var/www/html/cakepro/app/webroot/index.php(118): Dispatcher->dispatch(Object(CakeRequest), Object(CakeResponse))
#1 {main}
2015-08-10 11:27:09 Error: [MissingControllerException] Controller class JsController could not be found.
Exception Attributes: array (
  'class' => 'JsController',
  'plugin' => NULL,
)
Request URL: /cakepro/js/jquery-2.1.4.min.js
Stack Trace:
#0 /var/www/html/cakepro/app/webroot/index.php(118): Dispatcher->dispatch(Object(CakeRequest), Object(CakeResponse))
#1 {main}
2015-08-10 11:27:09 Error: [MissingControllerException] Controller class CssController could not be found.
Exception Attributes: array (
  'class' => 'CssController',
  'plugin' => NULL,
)
Request URL: /cakepro/css/font-awesome.min.css
Stack Trace:
#0 /var/www/html/cakepro/app/webroot/index.php(118): Dispatcher->dispatch(Object(CakeRequest), Object(CakeResponse))
#1 {main}
2015-08-10 11:27:09 Error: [MissingControllerException] Controller class JsController could not be found.
Exception Attributes: array (
  'class' => 'JsController',
  'plugin' => NULL,
)
Request URL: /cakepro/js/bootstrap.min.js
Stack Trace:
#0 /var/www/html/cakepro/app/webroot/index.php(118): Dispatcher->dispatch(Object(CakeRequest), Object(CakeResponse))
#1 {main}
2015-08-10 11:27:09 Error: [MissingActionException] Action AdminController::<pre class=() could not be found.
Exception Attributes: array (
  'controller' => 'AdminController',
  'action' => '<pre class=',
)
Request URL: /cakepro/Admin/%3Cpre%20class=
Stack Trace:
#0 /var/www/html/cakepro/lib/Cake/Routing/Dispatcher.php(193): Controller->invokeAction(Object(CakeRequest))
#1 /var/www/html/cakepro/lib/Cake/Routing/Dispatcher.php(167): Dispatcher->_invoke(Object(AdminController), Object(CakeRequest))
#2 /var/www/html/cakepro/app/webroot/index.php(118): Dispatcher->dispatch(Object(CakeRequest), Object(CakeResponse))
#3 {main}
2015-08-10 11:27:09 Error: [MissingControllerException] Controller class JsController could not be found.
Exception Attributes: array (
  'class' => 'JsController',
  'plugin' => NULL,
)
Request URL: /cakepro/js/bootstrap.min.js
Stack Trace:
#0 /var/www/html/cakepro/app/webroot/index.php(118): Dispatcher->dispatch(Object(CakeRequest), Object(CakeResponse))
#1 {main}
2015-08-10 11:28:46 Error: [MissingControllerException] Controller class CssController could not be found.
Exception Attributes: array (
  'class' => 'CssController',
  'plugin' => NULL,
)
Request URL: /cakepro/css/style.css
Stack Trace:
#0 /var/www/html/cakepro/app/webroot/index.php(118): Dispatcher->dispatch(Object(CakeRequest), Object(CakeResponse))
#1 {main}
2015-08-10 11:28:46 Error: [MissingControllerException] Controller class CssController could not be found.
Exception Attributes: array (
  'class' => 'CssController',
  'plugin' => NULL,
)
Request URL: /cakepro/css/bootstrap.min.css
Stack Trace:
#0 /var/www/html/cakepro/app/webroot/index.php(118): Dispatcher->dispatch(Object(CakeRequest), Object(CakeResponse))
#1 {main}
2015-08-10 11:28:46 Error: [MissingControllerException] Controller class CssController could not be found.
Exception Attributes: array (
  'class' => 'CssController',
  'plugin' => NULL,
)
Request URL: /cakepro/css/font-awesome.min.css
Stack Trace:
#0 /var/www/html/cakepro/app/webroot/index.php(118): Dispatcher->dispatch(Object(CakeRequest), Object(CakeResponse))
#1 {main}
2015-08-10 11:28:46 Error: [MissingControllerException] Controller class JsController could not be found.
Exception Attributes: array (
  'class' => 'JsController',
  'plugin' => NULL,
)
Request URL: /cakepro/js/jquery-2.1.4.min.js
Stack Trace:
#0 /var/www/html/cakepro/app/webroot/index.php(118): Dispatcher->dispatch(Object(CakeRequest), Object(CakeResponse))
#1 {main}
2015-08-10 11:28:46 Error: [MissingControllerException] Controller class JsController could not be found.
Exception Attributes: array (
  'class' => 'JsController',
  'plugin' => NULL,
)
Request URL: /cakepro/js/bootstrap.min.js
Stack Trace:
#0 /var/www/html/cakepro/app/webroot/index.php(118): Dispatcher->dispatch(Object(CakeRequest), Object(CakeResponse))
#1 {main}
2015-08-10 11:28:46 Error: [MissingControllerException] Controller class JsController could not be found.
Exception Attributes: array (
  'class' => 'JsController',
  'plugin' => NULL,
)
Request URL: /cakepro/js/bootstrap.min.js
Stack Trace:
#0 /var/www/html/cakepro/app/webroot/index.php(118): Dispatcher->dispatch(Object(CakeRequest), Object(CakeResponse))
#1 {main}
2015-08-10 11:29:09 Error: [MissingControllerException] Controller class CssController could not be found.
Exception Attributes: array (
  'class' => 'CssController',
  'plugin' => NULL,
)
Request URL: /cakepro/css/style.css
Stack Trace:
#0 /var/www/html/cakepro/app/webroot/index.php(118): Dispatcher->dispatch(Object(CakeRequest), Object(CakeResponse))
#1 {main}
2015-08-10 11:29:09 Error: [MissingControllerException] Controller class CssController could not be found.
Exception Attributes: array (
  'class' => 'CssController',
  'plugin' => NULL,
)
Request URL: /cakepro/css/bootstrap.min.css
Stack Trace:
#0 /var/www/html/cakepro/app/webroot/index.php(118): Dispatcher->dispatch(Object(CakeRequest), Object(CakeResponse))
#1 {main}
2015-08-10 11:29:09 Error: [MissingControllerException] Controller class CssController could not be found.
Exception Attributes: array (
  'class' => 'CssController',
  'plugin' => NULL,
)
Request URL: /cakepro/css/font-awesome.min.css
Stack Trace:
#0 /var/www/html/cakepro/app/webroot/index.php(118): Dispatcher->dispatch(Object(CakeRequest), Object(CakeResponse))
#1 {main}
2015-08-10 11:29:09 Error: [MissingControllerException] Controller class JsController could not be found.
Exception Attributes: array (
  'class' => 'JsController',
  'plugin' => NULL,
)
Request URL: /cakepro/js/jquery-2.1.4.min.js
Stack Trace:
#0 /var/www/html/cakepro/app/webroot/index.php(118): Dispatcher->dispatch(Object(CakeRequest), Object(CakeResponse))
#1 {main}
2015-08-10 11:29:09 Error: [MissingControllerException] Controller class JsController could not be found.
Exception Attributes: array (
  'class' => 'JsController',
  'plugin' => NULL,
)
Request URL: /cakepro/js/bootstrap.min.js
Stack Trace:
#0 /var/www/html/cakepro/app/webroot/index.php(118): Dispatcher->dispatch(Object(CakeRequest), Object(CakeResponse))
#1 {main}
2015-08-10 11:29:09 Error: [MissingControllerException] Controller class JsController could not be found.
Exception Attributes: array (
  'class' => 'JsController',
  'plugin' => NULL,
)
Request URL: /cakepro/js/bootstrap.min.js
Stack Trace:
#0 /var/www/html/cakepro/app/webroot/index.php(118): Dispatcher->dispatch(Object(CakeRequest), Object(CakeResponse))
#1 {main}
2015-08-10 11:31:01 Error: [MissingControllerException] Controller class CssController could not be found.
Exception Attributes: array (
  'class' => 'CssController',
  'plugin' => NULL,
)
Request URL: /cakepro/css/bootstrap.min.css
Stack Trace:
#0 /var/www/html/cakepro/app/webroot/index.php(118): Dispatcher->dispatch(Object(CakeRequest), Object(CakeResponse))
#1 {main}
2015-08-10 11:31:01 Error: [MissingControllerException] Controller class CssController could not be found.
Exception Attributes: array (
  'class' => 'CssController',
  'plugin' => NULL,
)
Request URL: /cakepro/css/font-awesome.min.css
Stack Trace:
#0 /var/www/html/cakepro/app/webroot/index.php(118): Dispatcher->dispatch(Object(CakeRequest), Object(CakeResponse))
#1 {main}
2015-08-10 11:31:01 Error: [MissingControllerException] Controller class JsController could not be found.
Exception Attributes: array (
  'class' => 'JsController',
  'plugin' => NULL,
)
Request URL: /cakepro/js/jquery-2.1.4.min.js
Stack Trace:
#0 /var/www/html/cakepro/app/webroot/index.php(118): Dispatcher->dispatch(Object(CakeRequest), Object(CakeResponse))
#1 {main}
2015-08-10 11:31:01 Error: [MissingControllerException] Controller class JsController could not be found.
Exception Attributes: array (
  'class' => 'JsController',
  'plugin' => NULL,
)
Request URL: /cakepro/js/bootstrap.min.js
Stack Trace:
#0 /var/www/html/cakepro/app/webroot/index.php(118): Dispatcher->dispatch(Object(CakeRequest), Object(CakeResponse))
#1 {main}
2015-08-10 11:31:01 Error: [MissingControllerException] Controller class JsController could not be found.
Exception Attributes: array (
  'class' => 'JsController',
  'plugin' => NULL,
)
Request URL: /cakepro/js/bootstrap.min.js
Stack Trace:
#0 /var/www/html/cakepro/app/webroot/index.php(118): Dispatcher->dispatch(Object(CakeRequest), Object(CakeResponse))
#1 {main}
2015-08-10 11:32:15 Error: [MissingControllerException] Controller class CssController could not be found.
Exception Attributes: array (
  'class' => 'CssController',
  'plugin' => NULL,
)
Request URL: /cakepro/css/font-awesome.min.css
Stack Trace:
#0 /var/www/html/cakepro/app/webroot/index.php(118): Dispatcher->dispatch(Object(CakeRequest), Object(CakeResponse))
#1 {main}
2015-08-10 11:32:15 Error: [MissingControllerException] Controller class JsController could not be found.
Exception Attributes: array (
  'class' => 'JsController',
  'plugin' => NULL,
)
Request URL: /cakepro/js/jquery-2.1.4.min.js
Stack Trace:
#0 /var/www/html/cakepro/app/webroot/index.php(118): Dispatcher->dispatch(Object(CakeRequest), Object(CakeResponse))
#1 {main}
2015-08-10 11:32:15 Error: [MissingControllerException] Controller class FontsController could not be found.
Exception Attributes: array (
  'class' => 'FontsController',
  'plugin' => NULL,
)
Request URL: /cakepro/fonts/glyphicons-halflings-regular.woff2
Stack Trace:
#0 /var/www/html/cakepro/app/webroot/index.php(118): Dispatcher->dispatch(Object(CakeRequest), Object(CakeResponse))
#1 {main}
2015-08-10 11:32:15 Error: [MissingControllerException] Controller class FontsController could not be found.
Exception Attributes: array (
  'class' => 'FontsController',
  'plugin' => NULL,
)
Request URL: /cakepro/fonts/glyphicons-halflings-regular.woff
Stack Trace:
#0 /var/www/html/cakepro/app/webroot/index.php(118): Dispatcher->dispatch(Object(CakeRequest), Object(CakeResponse))
#1 {main}
2015-08-10 11:32:15 Error: [MissingControllerException] Controller class FontsController could not be found.
Exception Attributes: array (
  'class' => 'FontsController',
  'plugin' => NULL,
)
Request URL: /cakepro/fonts/glyphicons-halflings-regular.ttf
Stack Trace:
#0 /var/www/html/cakepro/app/webroot/index.php(118): Dispatcher->dispatch(Object(CakeRequest), Object(CakeResponse))
#1 {main}
2015-08-10 11:33:10 Error: [MissingControllerException] Controller class CssController could not be found.
Exception Attributes: array (
  'class' => 'CssController',
  'plugin' => NULL,
)
Request URL: /cakepro/css/font-awesome.min.css
Stack Trace:
#0 /var/www/html/cakepro/app/webroot/index.php(118): Dispatcher->dispatch(Object(CakeRequest), Object(CakeResponse))
#1 {main}
2015-08-10 11:33:10 Error: [MissingControllerException] Controller class JsController could not be found.
Exception Attributes: array (
  'class' => 'JsController',
  'plugin' => NULL,
)
Request URL: /cakepro/js/jquery-2.1.4.min.js
Stack Trace:
#0 /var/www/html/cakepro/app/webroot/index.php(118): Dispatcher->dispatch(Object(CakeRequest), Object(CakeResponse))
#1 {main}
2015-08-10 11:33:11 Error: [MissingControllerException] Controller class CssController could not be found.
Exception Attributes: array (
  'class' => 'CssController',
  'plugin' => NULL,
)
Request URL: /cakepro/css/font-awesome.min.css
Stack Trace:
#0 /var/www/html/cakepro/app/webroot/index.php(118): Dispatcher->dispatch(Object(CakeRequest), Object(CakeResponse))
#1 {main}
2015-08-10 11:33:11 Error: [MissingControllerException] Controller class JsController could not be found.
Exception Attributes: array (
  'class' => 'JsController',
  'plugin' => NULL,
)
Request URL: /cakepro/js/jquery-2.1.4.min.js
Stack Trace:
#0 /var/www/html/cakepro/app/webroot/index.php(118): Dispatcher->dispatch(Object(CakeRequest), Object(CakeResponse))
#1 {main}
2015-08-10 11:33:25 Error: [MissingControllerException] Controller class CssController could not be found.
Exception Attributes: array (
  'class' => 'CssController',
  'plugin' => NULL,
)
Request URL: /cakepro/css/font-awesome.min.css
Stack Trace:
#0 /var/www/html/cakepro/app/webroot/index.php(118): Dispatcher->dispatch(Object(CakeRequest), Object(CakeResponse))
#1 {main}
2015-08-10 11:33:25 Error: [MissingControllerException] Controller class JsController could not be found.
Exception Attributes: array (
  'class' => 'JsController',
  'plugin' => NULL,
)
Request URL: /cakepro/js/jquery-2.1.4.min.js
Stack Trace:
#0 /var/www/html/cakepro/app/webroot/index.php(118): Dispatcher->dispatch(Object(CakeRequest), Object(CakeResponse))
#1 {main}
2015-08-10 11:33:42 Error: [MissingControllerException] Controller class CssController could not be found.
Exception Attributes: array (
  'class' => 'CssController',
  'plugin' => NULL,
)
Request URL: /cakepro/css/font-awesome.min.css
Stack Trace:
#0 /var/www/html/cakepro/app/webroot/index.php(118): Dispatcher->dispatch(Object(CakeRequest), Object(CakeResponse))
#1 {main}
2015-08-10 11:33:42 Error: [MissingControllerException] Controller class JsController could not be found.
Exception Attributes: array (
  'class' => 'JsController',
  'plugin' => NULL,
)
Request URL: /cakepro/js/jquery-2.1.4.min.js
Stack Trace:
#0 /var/www/html/cakepro/app/webroot/index.php(118): Dispatcher->dispatch(Object(CakeRequest), Object(CakeResponse))
#1 {main}
2015-08-10 11:33:43 Error: [MissingControllerException] Controller class CssController could not be found.
Exception Attributes: array (
  'class' => 'CssController',
  'plugin' => NULL,
)
Request URL: /cakepro/css/font-awesome.min.css
Stack Trace:
#0 /var/www/html/cakepro/app/webroot/index.php(118): Dispatcher->dispatch(Object(CakeRequest), Object(CakeResponse))
#1 {main}
2015-08-10 11:33:43 Error: [MissingControllerException] Controller class JsController could not be found.
Exception Attributes: array (
  'class' => 'JsController',
  'plugin' => NULL,
)
Request URL: /cakepro/js/jquery-2.1.4.min.js
Stack Trace:
#0 /var/www/html/cakepro/app/webroot/index.php(118): Dispatcher->dispatch(Object(CakeRequest), Object(CakeResponse))
#1 {main}
2015-08-10 11:33:54 Error: [MissingControllerException] Controller class CssController could not be found.
Exception Attributes: array (
  'class' => 'CssController',
  'plugin' => NULL,
)
Request URL: /cakepro/css/font-awesome.min.css
Stack Trace:
#0 /var/www/html/cakepro/app/webroot/index.php(118): Dispatcher->dispatch(Object(CakeRequest), Object(CakeResponse))
#1 {main}
2015-08-10 11:33:54 Error: [MissingControllerException] Controller class JsController could not be found.
Exception Attributes: array (
  'class' => 'JsController',
  'plugin' => NULL,
)
Request URL: /cakepro/js/jquery-2.1.4.min.js
Stack Trace:
#0 /var/www/html/cakepro/app/webroot/index.php(118): Dispatcher->dispatch(Object(CakeRequest), Object(CakeResponse))
#1 {main}
2015-08-10 11:34:11 Error: [MissingControllerException] Controller class CssController could not be found.
Exception Attributes: array (
  'class' => 'CssController',
  'plugin' => NULL,
)
Request URL: /cakepro/css/font-awesome.min.css
Stack Trace:
#0 /var/www/html/cakepro/app/webroot/index.php(118): Dispatcher->dispatch(Object(CakeRequest), Object(CakeResponse))
#1 {main}
2015-08-10 11:34:11 Error: [MissingControllerException] Controller class JsController could not be found.
Exception Attributes: array (
  'class' => 'JsController',
  'plugin' => NULL,
)
Request URL: /cakepro/js/jquery-2.1.4.min.js
Stack Trace:
#0 /var/www/html/cakepro/app/webroot/index.php(118): Dispatcher->dispatch(Object(CakeRequest), Object(CakeResponse))
#1 {main}
2015-08-10 11:50:00 Error: [MissingControllerException] Controller class CssController could not be found.
Exception Attributes: array (
  'class' => 'CssController',
  'plugin' => NULL,
)
Request URL: /cakepro/css/font-awesome.min.css
Stack Trace:
#0 /var/www/html/cakepro/app/webroot/index.php(118): Dispatcher->dispatch(Object(CakeRequest), Object(CakeResponse))
#1 {main}
2015-08-10 11:50:00 Error: [MissingControllerException] Controller class JsController could not be found.
Exception Attributes: array (
  'class' => 'JsController',
  'plugin' => NULL,
)
Request URL: /cakepro/js/jquery-2.1.4.min.js
Stack Trace:
#0 /var/www/html/cakepro/app/webroot/index.php(118): Dispatcher->dispatch(Object(CakeRequest), Object(CakeResponse))
#1 {main}
2015-08-10 11:51:20 Error: [MissingControllerException] Controller class CampaigsnController could not be found.
Exception Attributes: array (
  'class' => 'CampaigsnController',
  'plugin' => NULL,
)
Request URL: /cakepro/campaigsn
Stack Trace:
#0 /var/www/html/cakepro/app/webroot/index.php(118): Dispatcher->dispatch(Object(CakeRequest), Object(CakeResponse))
#1 {main}
2015-08-10 11:52:42 Error: [MissingControllerException] Controller class LogputController could not be found.
Exception Attributes: array (
  'class' => 'LogputController',
  'plugin' => NULL,
)
Request URL: /cakepro/logput
Stack Trace:
#0 /var/www/html/cakepro/app/webroot/index.php(118): Dispatcher->dispatch(Object(CakeRequest), Object(CakeResponse))
#1 {main}
2015-08-10 11:52:47 Error: [MissingControllerException] Controller class LogoutController could not be found.
Exception Attributes: array (
  'class' => 'LogoutController',
  'plugin' => NULL,
)
Request URL: /cakepro/logout
Stack Trace:
#0 /var/www/html/cakepro/app/webroot/index.php(118): Dispatcher->dispatch(Object(CakeRequest), Object(CakeResponse))
#1 {main}
2015-08-10 11:56:53 Error: [MissingControllerException] Controller class CssController could not be found.
Exception Attributes: array (
  'class' => 'CssController',
  'plugin' => NULL,
)
Request URL: /cakepro/css/font-awesome.min.css
Stack Trace:
#0 /var/www/html/cakepro/app/webroot/index.php(118): Dispatcher->dispatch(Object(CakeRequest), Object(CakeResponse))
#1 {main}
2015-08-10 11:56:53 Error: [MissingControllerException] Controller class JsController could not be found.
Exception Attributes: array (
  'class' => 'JsController',
  'plugin' => NULL,
)
Request URL: /cakepro/js/jquery-2.1.4.min.js
Stack Trace:
#0 /var/www/html/cakepro/app/webroot/index.php(118): Dispatcher->dispatch(Object(CakeRequest), Object(CakeResponse))
#1 {main}
2015-08-10 11:56:55 Error: [MissingControllerException] Controller class CssController could not be found.
Exception Attributes: array (
  'class' => 'CssController',
  'plugin' => NULL,
)
Request URL: /cakepro/css/font-awesome.min.css
Stack Trace:
#0 /var/www/html/cakepro/app/webroot/index.php(118): Dispatcher->dispatch(Object(CakeRequest), Object(CakeResponse))
#1 {main}
2015-08-10 11:56:55 Error: [MissingControllerException] Controller class JsController could not be found.
Exception Attributes: array (
  'class' => 'JsController',
  'plugin' => NULL,
)
Request URL: /cakepro/js/jquery-2.1.4.min.js
Stack Trace:
#0 /var/www/html/cakepro/app/webroot/index.php(118): Dispatcher->dispatch(Object(CakeRequest), Object(CakeResponse))
#1 {main}
2015-08-10 11:56:55 Error: [MissingControllerException] Controller class CssController could not be found.
Exception Attributes: array (
  'class' => 'CssController',
  'plugin' => NULL,
)
Request URL: /cakepro/css/font-awesome.min.css
Stack Trace:
#0 /var/www/html/cakepro/app/webroot/index.php(118): Dispatcher->dispatch(Object(CakeRequest), Object(CakeResponse))
#1 {main}
2015-08-10 11:56:55 Error: [MissingControllerException] Controller class JsController could not be found.
Exception Attributes: array (
  'class' => 'JsController',
  'plugin' => NULL,
)
Request URL: /cakepro/js/jquery-2.1.4.min.js
Stack Trace:
#0 /var/www/html/cakepro/app/webroot/index.php(118): Dispatcher->dispatch(Object(CakeRequest), Object(CakeResponse))
#1 {main}
2015-08-10 11:57:34 Error: [MissingControllerException] Controller class CssController could not be found.
Exception Attributes: array (
  'class' => 'CssController',
  'plugin' => NULL,
)
Request URL: /cakepro/css/font-awesome.min.css
Stack Trace:
#0 /var/www/html/cakepro/app/webroot/index.php(118): Dispatcher->dispatch(Object(CakeRequest), Object(CakeResponse))
#1 {main}
2015-08-10 11:57:34 Error: [MissingControllerException] Controller class JsController could not be found.
Exception Attributes: array (
  'class' => 'JsController',
  'plugin' => NULL,
)
Request URL: /cakepro/js/jquery-2.1.4.min.js
Stack Trace:
#0 /var/www/html/cakepro/app/webroot/index.php(118): Dispatcher->dispatch(Object(CakeRequest), Object(CakeResponse))
#1 {main}
2015-08-10 12:02:24 Error: [MissingControllerException] Controller class JsController could not be found.
Exception Attributes: array (
  'class' => 'JsController',
  'plugin' => NULL,
)
Request URL: /cakepro/js/jquery-2.1.4.min.js
Stack Trace:
#0 /var/www/html/cakepro/app/webroot/index.php(118): Dispatcher->dispatch(Object(CakeRequest), Object(CakeResponse))
#1 {main}
2015-08-10 12:02:24 Error: [MissingControllerException] Controller class CssController could not be found.
Exception Attributes: array (
  'class' => 'CssController',
  'plugin' => NULL,
)
Request URL: /cakepro/css/font-awesome.min.css
Stack Trace:
#0 /var/www/html/cakepro/app/webroot/index.php(118): Dispatcher->dispatch(Object(CakeRequest), Object(CakeResponse))
#1 {main}
2015-08-10 12:04:14 Error: [MissingControllerException] Controller class CssController could not be found.
Exception Attributes: array (
  'class' => 'CssController',
  'plugin' => NULL,
)
Request URL: /cakepro/css/font-awesome.min.css
Stack Trace:
#0 /var/www/html/cakepro/app/webroot/index.php(118): Dispatcher->dispatch(Object(CakeRequest), Object(CakeResponse))
#1 {main}
2015-08-10 12:04:14 Error: [MissingControllerException] Controller class JsController could not be found.
Exception Attributes: array (
  'class' => 'JsController',
  'plugin' => NULL,
)
Request URL: /cakepro/js/jquery-2.1.4.min.js
Stack Trace:
#0 /var/www/html/cakepro/app/webroot/index.php(118): Dispatcher->dispatch(Object(CakeRequest), Object(CakeResponse))
#1 {main}
2015-08-10 12:07:39 Error: [MissingControllerException] Controller class CssController could not be found.
Exception Attributes: array (
  'class' => 'CssController',
  'plugin' => NULL,
)
Request URL: /cakepro/css/font-awesome.min.css
Stack Trace:
#0 /var/www/html/cakepro/app/webroot/index.php(118): Dispatcher->dispatch(Object(CakeRequest), Object(CakeResponse))
#1 {main}
2015-08-10 12:07:39 Error: [MissingControllerException] Controller class JsController could not be found.
Exception Attributes: array (
  'class' => 'JsController',
  'plugin' => NULL,
)
Request URL: /cakepro/js/jquery-2.1.4.min.js
Stack Trace:
#0 /var/www/html/cakepro/app/webroot/index.php(118): Dispatcher->dispatch(Object(CakeRequest), Object(CakeResponse))
#1 {main}
2015-08-10 12:48:08 Error: [MissingActionException] Action AdminController::index() could not be found.
Exception Attributes: array (
  'controller' => 'AdminController',
  'action' => 'index',
)
Request URL: /cakepro/admin/home
Stack Trace:
#0 /var/www/html/cakepro/lib/Cake/Routing/Dispatcher.php(193): Controller->invokeAction(Object(CakeRequest))
#1 /var/www/html/cakepro/lib/Cake/Routing/Dispatcher.php(167): Dispatcher->_invoke(Object(AdminController), Object(CakeRequest))
#2 /var/www/html/cakepro/app/webroot/index.php(118): Dispatcher->dispatch(Object(CakeRequest), Object(CakeResponse))
#3 {main}
2015-08-10 12:48:27 Error: Fatal Error (4): syntax error, unexpected 'index' (T_STRING), expecting variable (T_VARIABLE) in [/var/www/html/cakepro/app/Controller/AdminController.php, line 5]
2015-08-10 12:48:27 Error: [FatalErrorException] syntax error, unexpected 'index' (T_STRING), expecting variable (T_VARIABLE)
Request URL: /cakepro/admin/home
Stack Trace:
#0 /var/www/html/cakepro/lib/Cake/Error/ErrorHandler.php(213): ErrorHandler::handleFatalError(4, 'syntax error, u...', '/var/www/html/c...', 5)
#1 [internal function]: ErrorHandler::handleError(4, 'syntax error, u...', '/var/www/html/c...', 5, Array)
#2 /var/www/html/cakepro/lib/Cake/Core/App.php(933): call_user_func('ErrorHandler::h...', 4, 'syntax error, u...', '/var/www/html/c...', 5, Array)
#3 /var/www/html/cakepro/lib/Cake/Core/App.php(906): App::_checkFatalError()
#4 [internal function]: App::shutdown()
#5 {main}
2015-08-10 12:51:49 Error: [MissingControllerException] Controller class AdminController could not be found.
Exception Attributes: array (
  'class' => 'AdminController',
  'plugin' => NULL,
)
Request URL: /cakepro/admin/gone
Stack Trace:
#0 /var/www/html/cakepro/app/webroot/index.php(118): Dispatcher->dispatch(Object(CakeRequest), Object(CakeResponse))
#1 {main}
2015-08-10 12:54:29 Error: [MissingActionException] Action AppController::logout() could not be found.
Exception Attributes: array (
  'controller' => 'AppController',
  'action' => 'logout',
)
Request URL: /cakepro/App/logout
Stack Trace:
#0 /var/www/html/cakepro/lib/Cake/Routing/Dispatcher.php(193): Controller->invokeAction(Object(CakeRequest))
#1 /var/www/html/cakepro/lib/Cake/Routing/Dispatcher.php(167): Dispatcher->_invoke(Object(AppController), Object(CakeRequest))
#2 /var/www/html/cakepro/app/webroot/index.php(118): Dispatcher->dispatch(Object(CakeRequest), Object(CakeResponse))
#3 {main}
2015-08-10 13:00:28 Error: Fatal Error (1): Class 'AppConstroller' not found in [/var/www/html/cakepro/app/Controller/MyController.php, line 2]
2015-08-10 13:00:28 Error: [FatalErrorException] Class 'AppConstroller' not found
Request URL: /cakepro/my/fun
Stack Trace:
#0 /var/www/html/cakepro/lib/Cake/Error/ErrorHandler.php(213): ErrorHandler::handleFatalError(1, 'Class 'AppConst...', '/var/www/html/c...', 2)
#1 [internal function]: ErrorHandler::handleError(1, 'Class 'AppConst...', '/var/www/html/c...', 2, Array)
#2 /var/www/html/cakepro/lib/Cake/Core/App.php(933): call_user_func('ErrorHandler::h...', 1, 'Class 'AppConst...', '/var/www/html/c...', 2, Array)
#3 /var/www/html/cakepro/lib/Cake/Core/App.php(906): App::_checkFatalError()
#4 [internal function]: App::shutdown()
#5 {main}
2015-08-10 13:00:40 Error: [MissingViewException] View file "My/fun.ctp" is missing.
Exception Attributes: array (
  'file' => 'My/fun.ctp',
)
Request URL: /cakepro/my/fun
Stack Trace:
#0 /var/www/html/cakepro/lib/Cake/View/View.php(470): View->_getViewFileName(NULL)
#1 /var/www/html/cakepro/lib/Cake/Controller/Controller.php(960): View->render(NULL, NULL)
#2 /var/www/html/cakepro/lib/Cake/Routing/Dispatcher.php(200): Controller->render()
#3 /var/www/html/cakepro/lib/Cake/Routing/Dispatcher.php(167): Dispatcher->_invoke(Object(MyController), Object(CakeRequest))
#4 /var/www/html/cakepro/app/webroot/index.php(118): Dispatcher->dispatch(Object(CakeRequest), Object(CakeResponse))
#5 {main}
2015-08-10 13:03:26 Error: Fatal Error (1): Call to undefined method AdminController::isLoggedIn() in [/var/www/html/cakepro/app/Controller/AdminController.php, line 80]
2015-08-10 13:03:26 Error: [FatalErrorException] Call to undefined method AdminController::isLoggedIn()
Request URL: /cakepro/admin/dashboard
Stack Trace:
#0 /var/www/html/cakepro/lib/Cake/Error/ErrorHandler.php(213): ErrorHandler::handleFatalError(1, 'Call to undefin...', '/var/www/html/c...', 80)
#1 [internal function]: ErrorHandler::handleError(1, 'Call to undefin...', '/var/www/html/c...', 80, Array)
#2 /var/www/html/cakepro/lib/Cake/Core/App.php(933): call_user_func('ErrorHandler::h...', 1, 'Call to undefin...', '/var/www/html/c...', 80, Array)
#3 /var/www/html/cakepro/lib/Cake/Core/App.php(906): App::_checkFatalError()
#4 [internal function]: App::shutdown()
#5 {main}
2015-08-10 13:03:45 Error: [MissingControllerException] Controller class CssController could not be found.
Exception Attributes: array (
  'class' => 'CssController',
  'plugin' => NULL,
)
Request URL: /cakepro/css/font-awesome.min.css
Stack Trace:
#0 /var/www/html/cakepro/app/webroot/index.php(118): Dispatcher->dispatch(Object(CakeRequest), Object(CakeResponse))
#1 {main}
2015-08-10 13:03:45 Error: [MissingControllerException] Controller class JsController could not be found.
Exception Attributes: array (
  'class' => 'JsController',
  'plugin' => NULL,
)
Request URL: /cakepro/js/jquery-2.1.4.min.js
Stack Trace:
#0 /var/www/html/cakepro/app/webroot/index.php(118): Dispatcher->dispatch(Object(CakeRequest), Object(CakeResponse))
#1 {main}
2015-08-10 13:03:51 Error: [MissingControllerException] Controller class CssController could not be found.
Exception Attributes: array (
  'class' => 'CssController',
  'plugin' => NULL,
)
Request URL: /cakepro/css/font-awesome.min.css
Stack Trace:
#0 /var/www/html/cakepro/app/webroot/index.php(118): Dispatcher->dispatch(Object(CakeRequest), Object(CakeResponse))
#1 {main}
2015-08-10 13:03:51 Error: [MissingControllerException] Controller class JsController could not be found.
Exception Attributes: array (
  'class' => 'JsController',
  'plugin' => NULL,
)
Request URL: /cakepro/js/jquery-2.1.4.min.js
Stack Trace:
#0 /var/www/html/cakepro/app/webroot/index.php(118): Dispatcher->dispatch(Object(CakeRequest), Object(CakeResponse))
#1 {main}
2015-08-10 13:04:23 Error: [MissingControllerException] Controller class CssController could not be found.
Exception Attributes: array (
  'class' => 'CssController',
  'plugin' => NULL,
)
Request URL: /cakepro/css/font-awesome.min.css
Stack Trace:
#0 /var/www/html/cakepro/app/webroot/index.php(118): Dispatcher->dispatch(Object(CakeRequest), Object(CakeResponse))
#1 {main}
2015-08-10 13:04:23 Error: [MissingControllerException] Controller class JsController could not be found.
Exception Attributes: array (
  'class' => 'JsController',
  'plugin' => NULL,
)
Request URL: /cakepro/js/jquery-2.1.4.min.js
Stack Trace:
#0 /var/www/html/cakepro/app/webroot/index.php(118): Dispatcher->dispatch(Object(CakeRequest), Object(CakeResponse))
#1 {main}
2015-08-10 13:04:23 Error: [MissingControllerException] Controller class CssController could not be found.
Exception Attributes: array (
  'class' => 'CssController',
  'plugin' => NULL,
)
Request URL: /cakepro/css/font-awesome.min.css
Stack Trace:
#0 /var/www/html/cakepro/app/webroot/index.php(118): Dispatcher->dispatch(Object(CakeRequest), Object(CakeResponse))
#1 {main}
2015-08-10 13:04:23 Error: [MissingControllerException] Controller class JsController could not be found.
Exception Attributes: array (
  'class' => 'JsController',
  'plugin' => NULL,
)
Request URL: /cakepro/js/jquery-2.1.4.min.js
Stack Trace:
#0 /var/www/html/cakepro/app/webroot/index.php(118): Dispatcher->dispatch(Object(CakeRequest), Object(CakeResponse))
#1 {main}
2015-08-10 13:04:24 Error: [MissingControllerException] Controller class CssController could not be found.
Exception Attributes: array (
  'class' => 'CssController',
  'plugin' => NULL,
)
Request URL: /cakepro/css/font-awesome.min.css
Stack Trace:
#0 /var/www/html/cakepro/app/webroot/index.php(118): Dispatcher->dispatch(Object(CakeRequest), Object(CakeResponse))
#1 {main}
2015-08-10 13:04:24 Error: [MissingControllerException] Controller class JsController could not be found.
Exception Attributes: array (
  'class' => 'JsController',
  'plugin' => NULL,
)
Request URL: /cakepro/js/jquery-2.1.4.min.js
Stack Trace:
#0 /var/www/html/cakepro/app/webroot/index.php(118): Dispatcher->dispatch(Object(CakeRequest), Object(CakeResponse))
#1 {main}
2015-08-10 13:04:24 Error: [MissingControllerException] Controller class CssController could not be found.
Exception Attributes: array (
  'class' => 'CssController',
  'plugin' => NULL,
)
Request URL: /cakepro/css/font-awesome.min.css
Stack Trace:
#0 /var/www/html/cakepro/app/webroot/index.php(118): Dispatcher->dispatch(Object(CakeRequest), Object(CakeResponse))
#1 {main}
2015-08-10 13:04:24 Error: [MissingControllerException] Controller class JsController could not be found.
Exception Attributes: array (
  'class' => 'JsController',
  'plugin' => NULL,
)
Request URL: /cakepro/js/jquery-2.1.4.min.js
Stack Trace:
#0 /var/www/html/cakepro/app/webroot/index.php(118): Dispatcher->dispatch(Object(CakeRequest), Object(CakeResponse))
#1 {main}
2015-08-10 13:04:24 Error: [MissingControllerException] Controller class CssController could not be found.
Exception Attributes: array (
  'class' => 'CssController',
  'plugin' => NULL,
)
Request URL: /cakepro/css/font-awesome.min.css
Stack Trace:
#0 /var/www/html/cakepro/app/webroot/index.php(118): Dispatcher->dispatch(Object(CakeRequest), Object(CakeResponse))
#1 {main}
2015-08-10 13:04:24 Error: [MissingControllerException] Controller class JsController could not be found.
Exception Attributes: array (
  'class' => 'JsController',
  'plugin' => NULL,
)
Request URL: /cakepro/js/jquery-2.1.4.min.js
Stack Trace:
#0 /var/www/html/cakepro/app/webroot/index.php(118): Dispatcher->dispatch(Object(CakeRequest), Object(CakeResponse))
#1 {main}
2015-08-10 13:04:25 Error: [MissingControllerException] Controller class CssController could not be found.
Exception Attributes: array (
  'class' => 'CssController',
  'plugin' => NULL,
)
Request URL: /cakepro/css/font-awesome.min.css
Stack Trace:
#0 /var/www/html/cakepro/app/webroot/index.php(118): Dispatcher->dispatch(Object(CakeRequest), Object(CakeResponse))
#1 {main}
2015-08-10 13:04:25 Error: [MissingControllerException] Controller class JsController could not be found.
Exception Attributes: array (
  'class' => 'JsController',
  'plugin' => NULL,
)
Request URL: /cakepro/js/jquery-2.1.4.min.js
Stack Trace:
#0 /var/www/html/cakepro/app/webroot/index.php(118): Dispatcher->dispatch(Object(CakeRequest), Object(CakeResponse))
#1 {main}
2015-08-10 13:04:25 Error: [MissingControllerException] Controller class CssController could not be found.
Exception Attributes: array (
  'class' => 'CssController',
  'plugin' => NULL,
)
Request URL: /cakepro/css/font-awesome.min.css
Stack Trace:
#0 /var/www/html/cakepro/app/webroot/index.php(118): Dispatcher->dispatch(Object(CakeRequest), Object(CakeResponse))
#1 {main}
2015-08-10 13:04:25 Error: [MissingControllerException] Controller class JsController could not be found.
Exception Attributes: array (
  'class' => 'JsController',
  'plugin' => NULL,
)
Request URL: /cakepro/js/jquery-2.1.4.min.js
Stack Trace:
#0 /var/www/html/cakepro/app/webroot/index.php(118): Dispatcher->dispatch(Object(CakeRequest), Object(CakeResponse))
#1 {main}
2015-08-10 13:04:25 Error: [MissingControllerException] Controller class CssController could not be found.
Exception Attributes: array (
  'class' => 'CssController',
  'plugin' => NULL,
)
Request URL: /cakepro/css/font-awesome.min.css
Stack Trace:
#0 /var/www/html/cakepro/app/webroot/index.php(118): Dispatcher->dispatch(Object(CakeRequest), Object(CakeResponse))
#1 {main}
2015-08-10 13:04:25 Error: [MissingControllerException] Controller class JsController could not be found.
Exception Attributes: array (
  'class' => 'JsController',
  'plugin' => NULL,
)
Request URL: /cakepro/js/jquery-2.1.4.min.js
Stack Trace:
#0 /var/www/html/cakepro/app/webroot/index.php(118): Dispatcher->dispatch(Object(CakeRequest), Object(CakeResponse))
#1 {main}
2015-08-10 13:07:45 Error: [MissingControllerException] Controller class CssController could not be found.
Exception Attributes: array (
  'class' => 'CssController',
  'plugin' => NULL,
)
Request URL: /cakepro/css/font-awesome.min.css
Stack Trace:
#0 /var/www/html/cakepro/app/webroot/index.php(118): Dispatcher->dispatch(Object(CakeRequest), Object(CakeResponse))
#1 {main}
2015-08-10 13:07:45 Error: [MissingControllerException] Controller class JsController could not be found.
Exception Attributes: array (
  'class' => 'JsController',
  'plugin' => NULL,
)
Request URL: /cakepro/js/jquery-2.1.4.min.js
Stack Trace:
#0 /var/www/html/cakepro/app/webroot/index.php(118): Dispatcher->dispatch(Object(CakeRequest), Object(CakeResponse))
#1 {main}
2015-08-10 13:08:13 Error: [MissingControllerException] Controller class CssController could not be found.
Exception Attributes: array (
  'class' => 'CssController',
  'plugin' => NULL,
)
Request URL: /cakepro/css/font-awesome.min.css
Stack Trace:
#0 /var/www/html/cakepro/app/webroot/index.php(118): Dispatcher->dispatch(Object(CakeRequest), Object(CakeResponse))
#1 {main}
2015-08-10 13:08:13 Error: [MissingControllerException] Controller class JsController could not be found.
Exception Attributes: array (
  'class' => 'JsController',
  'plugin' => NULL,
)
Request URL: /cakepro/js/jquery-2.1.4.min.js
Stack Trace:
#0 /var/www/html/cakepro/app/webroot/index.php(118): Dispatcher->dispatch(Object(CakeRequest), Object(CakeResponse))
#1 {main}
2015-08-10 13:10:06 Error: [MissingControllerException] Controller class CssController could not be found.
Exception Attributes: array (
  'class' => 'CssController',
  'plugin' => NULL,
)
Request URL: /cakepro/css/font-awesome.min.css
Stack Trace:
#0 /var/www/html/cakepro/app/webroot/index.php(118): Dispatcher->dispatch(Object(CakeRequest), Object(CakeResponse))
#1 {main}
2015-08-10 13:10:06 Error: [MissingControllerException] Controller class JsController could not be found.
Exception Attributes: array (
  'class' => 'JsController',
  'plugin' => NULL,
)
Request URL: /cakepro/js/jquery-2.1.4.min.js
Stack Trace:
#0 /var/www/html/cakepro/app/webroot/index.php(118): Dispatcher->dispatch(Object(CakeRequest), Object(CakeResponse))
#1 {main}
2015-08-10 13:10:13 Error: [MissingControllerException] Controller class CssController could not be found.
Exception Attributes: array (
  'class' => 'CssController',
  'plugin' => NULL,
)
Request URL: /cakepro/css/font-awesome.min.css
Stack Trace:
#0 /var/www/html/cakepro/app/webroot/index.php(118): Dispatcher->dispatch(Object(CakeRequest), Object(CakeResponse))
#1 {main}
2015-08-10 13:10:13 Error: [MissingControllerException] Controller class JsController could not be found.
Exception Attributes: array (
  'class' => 'JsController',
  'plugin' => NULL,
)
Request URL: /cakepro/js/jquery-2.1.4.min.js
Stack Trace:
#0 /var/www/html/cakepro/app/webroot/index.php(118): Dispatcher->dispatch(Object(CakeRequest), Object(CakeResponse))
#1 {main}
2015-08-10 13:11:03 Error: [MissingControllerException] Controller class CssController could not be found.
Exception Attributes: array (
  'class' => 'CssController',
  'plugin' => NULL,
)
Request URL: /cakepro/css/font-awesome.min.css
Stack Trace:
#0 /var/www/html/cakepro/app/webroot/index.php(118): Dispatcher->dispatch(Object(CakeRequest), Object(CakeResponse))
#1 {main}
2015-08-10 13:11:03 Error: [MissingControllerException] Controller class JsController could not be found.
Exception Attributes: array (
  'class' => 'JsController',
  'plugin' => NULL,
)
Request URL: /cakepro/js/jquery-2.1.4.min.js
Stack Trace:
#0 /var/www/html/cakepro/app/webroot/index.php(118): Dispatcher->dispatch(Object(CakeRequest), Object(CakeResponse))
#1 {main}
2015-08-10 13:12:08 Error: [MissingControllerException] Controller class CssController could not be found.
Exception Attributes: array (
  'class' => 'CssController',
  'plugin' => NULL,
)
Request URL: /cakepro/css/font-awesome.min.css
Stack Trace:
#0 /var/www/html/cakepro/app/webroot/index.php(118): Dispatcher->dispatch(Object(CakeRequest), Object(CakeResponse))
#1 {main}
2015-08-10 13:12:08 Error: [MissingControllerException] Controller class JsController could not be found.
Exception Attributes: array (
  'class' => 'JsController',
  'plugin' => NULL,
)
Request URL: /cakepro/js/jquery-2.1.4.min.js
Stack Trace:
#0 /var/www/html/cakepro/app/webroot/index.php(118): Dispatcher->dispatch(Object(CakeRequest), Object(CakeResponse))
#1 {main}
2015-08-10 13:12:09 Error: [MissingControllerException] Controller class CssController could not be found.
Exception Attributes: array (
  'class' => 'CssController',
  'plugin' => NULL,
)
Request URL: /cakepro/css/font-awesome.min.css
Stack Trace:
#0 /var/www/html/cakepro/app/webroot/index.php(118): Dispatcher->dispatch(Object(CakeRequest), Object(CakeResponse))
#1 {main}
2015-08-10 13:12:09 Error: [MissingControllerException] Controller class JsController could not be found.
Exception Attributes: array (
  'class' => 'JsController',
  'plugin' => NULL,
)
Request URL: /cakepro/js/jquery-2.1.4.min.js
Stack Trace:
#0 /var/www/html/cakepro/app/webroot/index.php(118): Dispatcher->dispatch(Object(CakeRequest), Object(CakeResponse))
#1 {main}
2015-08-10 13:14:45 Error: [MissingControllerException] Controller class CssController could not be found.
Exception Attributes: array (
  'class' => 'CssController',
  'plugin' => NULL,
)
Request URL: /cakepro/css/font-awesome.min.css
Stack Trace:
#0 /var/www/html/cakepro/app/webroot/index.php(118): Dispatcher->dispatch(Object(CakeRequest), Object(CakeResponse))
#1 {main}
2015-08-10 13:14:45 Error: [MissingControllerException] Controller class JsController could not be found.
Exception Attributes: array (
  'class' => 'JsController',
  'plugin' => NULL,
)
Request URL: /cakepro/js/jquery-2.1.4.min.js
Stack Trace:
#0 /var/www/html/cakepro/app/webroot/index.php(118): Dispatcher->dispatch(Object(CakeRequest), Object(CakeResponse))
#1 {main}
2015-08-10 13:14:46 Error: [MissingControllerException] Controller class CssController could not be found.
Exception Attributes: array (
  'class' => 'CssController',
  'plugin' => NULL,
)
Request URL: /cakepro/css/font-awesome.min.css
Stack Trace:
#0 /var/www/html/cakepro/app/webroot/index.php(118): Dispatcher->dispatch(Object(CakeRequest), Object(CakeResponse))
#1 {main}
2015-08-10 13:14:46 Error: [MissingControllerException] Controller class CssController could not be found.
Exception Attributes: array (
  'class' => 'CssController',
  'plugin' => NULL,
)
Request URL: /cakepro/css/zebra_datepicker.css
Stack Trace:
#0 /var/www/html/cakepro/app/webroot/index.php(118): Dispatcher->dispatch(Object(CakeRequest), Object(CakeResponse))
#1 {main}
2015-08-10 13:14:46 Error: [MissingControllerException] Controller class JsController could not be found.
Exception Attributes: array (
  'class' => 'JsController',
  'plugin' => NULL,
)
Request URL: /cakepro/js/jquery-2.1.4.min.js
Stack Trace:
#0 /var/www/html/cakepro/app/webroot/index.php(118): Dispatcher->dispatch(Object(CakeRequest), Object(CakeResponse))
#1 {main}
2015-08-10 13:14:46 Error: [MissingControllerException] Controller class JsController could not be found.
Exception Attributes: array (
  'class' => 'JsController',
  'plugin' => NULL,
)
Request URL: /cakepro/js/zebra_datepicker.js
Stack Trace:
#0 /var/www/html/cakepro/app/webroot/index.php(118): Dispatcher->dispatch(Object(CakeRequest), Object(CakeResponse))
#1 {main}
2015-08-10 13:14:46 Error: [MissingControllerException] Controller class <preClass=Controller could not be found.
Exception Attributes: array (
  'class' => '<preClass=Controller',
  'plugin' => NULL,
)
Request URL: /cakepro/%3Cpre%20class=
Stack Trace:
#0 /var/www/html/cakepro/app/webroot/index.php(118): Dispatcher->dispatch(Object(CakeRequest), Object(CakeResponse))
#1 {main}
2015-08-10 13:14:46 Error: [MissingControllerException] Controller class JsController could not be found.
Exception Attributes: array (
  'class' => 'JsController',
  'plugin' => NULL,
)
Request URL: /cakepro/js/zebra_datepicker.js
Stack Trace:
#0 /var/www/html/cakepro/app/webroot/index.php(118): Dispatcher->dispatch(Object(CakeRequest), Object(CakeResponse))
#1 {main}
2015-08-10 13:14:58 Error: [MissingControllerException] Controller class CssController could not be found.
Exception Attributes: array (
  'class' => 'CssController',
  'plugin' => NULL,
)
Request URL: /cakepro/css/font-awesome.min.css
Stack Trace:
#0 /var/www/html/cakepro/app/webroot/index.php(118): Dispatcher->dispatch(Object(CakeRequest), Object(CakeResponse))
#1 {main}
2015-08-10 13:14:58 Error: [MissingControllerException] Controller class CssController could not be found.
Exception Attributes: array (
  'class' => 'CssController',
  'plugin' => NULL,
)
Request URL: /cakepro/css/zebra_datepicker.css
Stack Trace:
#0 /var/www/html/cakepro/app/webroot/index.php(118): Dispatcher->dispatch(Object(CakeRequest), Object(CakeResponse))
#1 {main}
2015-08-10 13:14:58 Error: [MissingControllerException] Controller class JsController could not be found.
Exception Attributes: array (
  'class' => 'JsController',
  'plugin' => NULL,
)
Request URL: /cakepro/js/jquery-2.1.4.min.js
Stack Trace:
#0 /var/www/html/cakepro/app/webroot/index.php(118): Dispatcher->dispatch(Object(CakeRequest), Object(CakeResponse))
#1 {main}
2015-08-10 13:14:58 Error: [MissingControllerException] Controller class JsController could not be found.
Exception Attributes: array (
  'class' => 'JsController',
  'plugin' => NULL,
)
Request URL: /cakepro/js/zebra_datepicker.js
Stack Trace:
#0 /var/www/html/cakepro/app/webroot/index.php(118): Dispatcher->dispatch(Object(CakeRequest), Object(CakeResponse))
#1 {main}
2015-08-10 13:14:58 Error: [MissingControllerException] Controller class ImgController could not be found.
Exception Attributes: array (
  'class' => 'ImgController',
  'plugin' => NULL,
)
Request URL: /cakepro/img/logo.png
Stack Trace:
#0 /var/www/html/cakepro/app/webroot/index.php(118): Dispatcher->dispatch(Object(CakeRequest), Object(CakeResponse))
#1 {main}
2015-08-10 13:14:58 Error: [MissingControllerException] Controller class JsController could not be found.
Exception Attributes: array (
  'class' => 'JsController',
  'plugin' => NULL,
)
Request URL: /cakepro/js/zebra_datepicker.js
Stack Trace:
#0 /var/www/html/cakepro/app/webroot/index.php(118): Dispatcher->dispatch(Object(CakeRequest), Object(CakeResponse))
#1 {main}
2015-08-10 13:15:01 Error: [MissingControllerException] Controller class CssController could not be found.
Exception Attributes: array (
  'class' => 'CssController',
  'plugin' => NULL,
)
Request URL: /cakepro/css/font-awesome.min.css
Stack Trace:
#0 /var/www/html/cakepro/app/webroot/index.php(118): Dispatcher->dispatch(Object(CakeRequest), Object(CakeResponse))
#1 {main}
2015-08-10 13:15:01 Error: [MissingControllerException] Controller class JsController could not be found.
Exception Attributes: array (
  'class' => 'JsController',
  'plugin' => NULL,
)
Request URL: /cakepro/js/jquery-2.1.4.min.js
Stack Trace:
#0 /var/www/html/cakepro/app/webroot/index.php(118): Dispatcher->dispatch(Object(CakeRequest), Object(CakeResponse))
#1 {main}
2015-08-10 13:15:02 Error: [MissingControllerException] Controller class CssController could not be found.
Exception Attributes: array (
  'class' => 'CssController',
  'plugin' => NULL,
)
Request URL: /cakepro/css/font-awesome.min.css
Stack Trace:
#0 /var/www/html/cakepro/app/webroot/index.php(118): Dispatcher->dispatch(Object(CakeRequest), Object(CakeResponse))
#1 {main}
2015-08-10 13:15:02 Error: [MissingControllerException] Controller class CssController could not be found.
Exception Attributes: array (
  'class' => 'CssController',
  'plugin' => NULL,
)
Request URL: /cakepro/css/zebra_datepicker.css
Stack Trace:
#0 /var/www/html/cakepro/app/webroot/index.php(118): Dispatcher->dispatch(Object(CakeRequest), Object(CakeResponse))
#1 {main}
2015-08-10 13:15:02 Error: [MissingControllerException] Controller class JsController could not be found.
Exception Attributes: array (
  'class' => 'JsController',
  'plugin' => NULL,
)
Request URL: /cakepro/js/jquery-2.1.4.min.js
Stack Trace:
#0 /var/www/html/cakepro/app/webroot/index.php(118): Dispatcher->dispatch(Object(CakeRequest), Object(CakeResponse))
#1 {main}
2015-08-10 13:15:02 Error: [MissingControllerException] Controller class JsController could not be found.
Exception Attributes: array (
  'class' => 'JsController',
  'plugin' => NULL,
)
Request URL: /cakepro/js/zebra_datepicker.js
Stack Trace:
#0 /var/www/html/cakepro/app/webroot/index.php(118): Dispatcher->dispatch(Object(CakeRequest), Object(CakeResponse))
#1 {main}
2015-08-10 13:15:02 Error: [MissingControllerException] Controller class JsController could not be found.
Exception Attributes: array (
  'class' => 'JsController',
  'plugin' => NULL,
)
Request URL: /cakepro/js/zebra_datepicker.js
Stack Trace:
#0 /var/www/html/cakepro/app/webroot/index.php(118): Dispatcher->dispatch(Object(CakeRequest), Object(CakeResponse))
#1 {main}
2015-08-10 13:15:26 Error: [MissingControllerException] Controller class CssController could not be found.
Exception Attributes: array (
  'class' => 'CssController',
  'plugin' => NULL,
)
Request URL: /cakepro/css/font-awesome.min.css
Stack Trace:
#0 /var/www/html/cakepro/app/webroot/index.php(118): Dispatcher->dispatch(Object(CakeRequest), Object(CakeResponse))
#1 {main}
2015-08-10 13:15:26 Error: [MissingControllerException] Controller class CssController could not be found.
Exception Attributes: array (
  'class' => 'CssController',
  'plugin' => NULL,
)
Request URL: /cakepro/css/zebra_datepicker.css
Stack Trace:
#0 /var/www/html/cakepro/app/webroot/index.php(118): Dispatcher->dispatch(Object(CakeRequest), Object(CakeResponse))
#1 {main}
2015-08-10 13:15:26 Error: [MissingControllerException] Controller class JsController could not be found.
Exception Attributes: array (
  'class' => 'JsController',
  'plugin' => NULL,
)
Request URL: /cakepro/js/jquery-2.1.4.min.js
Stack Trace:
#0 /var/www/html/cakepro/app/webroot/index.php(118): Dispatcher->dispatch(Object(CakeRequest), Object(CakeResponse))
#1 {main}
2015-08-10 13:15:26 Error: [MissingControllerException] Controller class JsController could not be found.
Exception Attributes: array (
  'class' => 'JsController',
  'plugin' => NULL,
)
Request URL: /cakepro/js/zebra_datepicker.js
Stack Trace:
#0 /var/www/html/cakepro/app/webroot/index.php(118): Dispatcher->dispatch(Object(CakeRequest), Object(CakeResponse))
#1 {main}
2015-08-10 13:15:26 Error: [MissingControllerException] Controller class JsController could not be found.
Exception Attributes: array (
  'class' => 'JsController',
  'plugin' => NULL,
)
Request URL: /cakepro/js/zebra_datepicker.js
Stack Trace:
#0 /var/www/html/cakepro/app/webroot/index.php(118): Dispatcher->dispatch(Object(CakeRequest), Object(CakeResponse))
#1 {main}
2015-08-10 13:15:35 Error: [MissingControllerException] Controller class CssController could not be found.
Exception Attributes: array (
  'class' => 'CssController',
  'plugin' => NULL,
)
Request URL: /cakepro/css/font-awesome.min.css
Stack Trace:
#0 /var/www/html/cakepro/app/webroot/index.php(118): Dispatcher->dispatch(Object(CakeRequest), Object(CakeResponse))
#1 {main}
2015-08-10 13:15:35 Error: [MissingControllerException] Controller class CssController could not be found.
Exception Attributes: array (
  'class' => 'CssController',
  'plugin' => NULL,
)
Request URL: /cakepro/css/zebra_datepicker.css
Stack Trace:
#0 /var/www/html/cakepro/app/webroot/index.php(118): Dispatcher->dispatch(Object(CakeRequest), Object(CakeResponse))
#1 {main}
2015-08-10 13:15:35 Error: [MissingControllerException] Controller class JsController could not be found.
Exception Attributes: array (
  'class' => 'JsController',
  'plugin' => NULL,
)
Request URL: /cakepro/js/jquery-2.1.4.min.js
Stack Trace:
#0 /var/www/html/cakepro/app/webroot/index.php(118): Dispatcher->dispatch(Object(CakeRequest), Object(CakeResponse))
#1 {main}
2015-08-10 13:15:35 Error: [MissingControllerException] Controller class JsController could not be found.
Exception Attributes: array (
  'class' => 'JsController',
  'plugin' => NULL,
)
Request URL: /cakepro/js/zebra_datepicker.js
Stack Trace:
#0 /var/www/html/cakepro/app/webroot/index.php(118): Dispatcher->dispatch(Object(CakeRequest), Object(CakeResponse))
#1 {main}
2015-08-10 13:15:35 Error: [MissingControllerException] Controller class JsController could not be found.
Exception Attributes: array (
  'class' => 'JsController',
  'plugin' => NULL,
)
Request URL: /cakepro/js/zebra_datepicker.js
Stack Trace:
#0 /var/www/html/cakepro/app/webroot/index.php(118): Dispatcher->dispatch(Object(CakeRequest), Object(CakeResponse))
#1 {main}
2015-08-10 13:17:22 Error: [MissingControllerException] Controller class CssController could not be found.
Exception Attributes: array (
  'class' => 'CssController',
  'plugin' => NULL,
)
Request URL: /cakepro/css/font-awesome.min.css
Stack Trace:
#0 /var/www/html/cakepro/app/webroot/index.php(118): Dispatcher->dispatch(Object(CakeRequest), Object(CakeResponse))
#1 {main}
2015-08-10 13:17:22 Error: [MissingControllerException] Controller class CssController could not be found.
Exception Attributes: array (
  'class' => 'CssController',
  'plugin' => NULL,
)
Request URL: /cakepro/css/zebra_datepicker.css
Stack Trace:
#0 /var/www/html/cakepro/app/webroot/index.php(118): Dispatcher->dispatch(Object(CakeRequest), Object(CakeResponse))
#1 {main}
2015-08-10 13:17:22 Error: [MissingControllerException] Controller class JsController could not be found.
Exception Attributes: array (
  'class' => 'JsController',
  'plugin' => NULL,
)
Request URL: /cakepro/js/jquery-2.1.4.min.js
Stack Trace:
#0 /var/www/html/cakepro/app/webroot/index.php(118): Dispatcher->dispatch(Object(CakeRequest), Object(CakeResponse))
#1 {main}
2015-08-10 13:17:22 Error: [MissingControllerException] Controller class JsController could not be found.
Exception Attributes: array (
  'class' => 'JsController',
  'plugin' => NULL,
)
Request URL: /cakepro/js/zebra_datepicker.js
Stack Trace:
#0 /var/www/html/cakepro/app/webroot/index.php(118): Dispatcher->dispatch(Object(CakeRequest), Object(CakeResponse))
#1 {main}
2015-08-10 13:17:22 Error: [MissingControllerException] Controller class JsController could not be found.
Exception Attributes: array (
  'class' => 'JsController',
  'plugin' => NULL,
)
Request URL: /cakepro/js/zebra_datepicker.js
Stack Trace:
#0 /var/www/html/cakepro/app/webroot/index.php(118): Dispatcher->dispatch(Object(CakeRequest), Object(CakeResponse))
#1 {main}
2015-08-10 13:17:23 Error: [MissingControllerException] Controller class CssController could not be found.
Exception Attributes: array (
  'class' => 'CssController',
  'plugin' => NULL,
)
Request URL: /cakepro/css/font-awesome.min.css
Stack Trace:
#0 /var/www/html/cakepro/app/webroot/index.php(118): Dispatcher->dispatch(Object(CakeRequest), Object(CakeResponse))
#1 {main}
2015-08-10 13:17:23 Error: [MissingControllerException] Controller class CssController could not be found.
Exception Attributes: array (
  'class' => 'CssController',
  'plugin' => NULL,
)
Request URL: /cakepro/css/zebra_datepicker.css
Stack Trace:
#0 /var/www/html/cakepro/app/webroot/index.php(118): Dispatcher->dispatch(Object(CakeRequest), Object(CakeResponse))
#1 {main}
2015-08-10 13:17:23 Error: [MissingControllerException] Controller class JsController could not be found.
Exception Attributes: array (
  'class' => 'JsController',
  'plugin' => NULL,
)
Request URL: /cakepro/js/jquery-2.1.4.min.js
Stack Trace:
#0 /var/www/html/cakepro/app/webroot/index.php(118): Dispatcher->dispatch(Object(CakeRequest), Object(CakeResponse))
#1 {main}
2015-08-10 13:17:23 Error: [MissingControllerException] Controller class JsController could not be found.
Exception Attributes: array (
  'class' => 'JsController',
  'plugin' => NULL,
)
Request URL: /cakepro/js/zebra_datepicker.js
Stack Trace:
#0 /var/www/html/cakepro/app/webroot/index.php(118): Dispatcher->dispatch(Object(CakeRequest), Object(CakeResponse))
#1 {main}
2015-08-10 13:17:23 Error: [MissingControllerException] Controller class JsController could not be found.
Exception Attributes: array (
  'class' => 'JsController',
  'plugin' => NULL,
)
Request URL: /cakepro/js/zebra_datepicker.js
Stack Trace:
#0 /var/www/html/cakepro/app/webroot/index.php(118): Dispatcher->dispatch(Object(CakeRequest), Object(CakeResponse))
#1 {main}
2015-08-10 13:18:06 Error: [MissingControllerException] Controller class CssController could not be found.
Exception Attributes: array (
  'class' => 'CssController',
  'plugin' => NULL,
)
Request URL: /cakepro/css/font-awesome.min.css
Stack Trace:
#0 /var/www/html/cakepro/app/webroot/index.php(118): Dispatcher->dispatch(Object(CakeRequest), Object(CakeResponse))
#1 {main}
2015-08-10 13:18:06 Error: [MissingControllerException] Controller class CssController could not be found.
Exception Attributes: array (
  'class' => 'CssController',
  'plugin' => NULL,
)
Request URL: /cakepro/css/zebra_datepicker.css
Stack Trace:
#0 /var/www/html/cakepro/app/webroot/index.php(118): Dispatcher->dispatch(Object(CakeRequest), Object(CakeResponse))
#1 {main}
2015-08-10 13:18:06 Error: [MissingControllerException] Controller class JsController could not be found.
Exception Attributes: array (
  'class' => 'JsController',
  'plugin' => NULL,
)
Request URL: /cakepro/js/jquery-2.1.4.min.js
Stack Trace:
#0 /var/www/html/cakepro/app/webroot/index.php(118): Dispatcher->dispatch(Object(CakeRequest), Object(CakeResponse))
#1 {main}
2015-08-10 13:18:06 Error: [MissingControllerException] Controller class JsController could not be found.
Exception Attributes: array (
  'class' => 'JsController',
  'plugin' => NULL,
)
Request URL: /cakepro/js/zebra_datepicker.js
Stack Trace:
#0 /var/www/html/cakepro/app/webroot/index.php(118): Dispatcher->dispatch(Object(CakeRequest), Object(CakeResponse))
#1 {main}
2015-08-10 13:18:06 Error: [MissingControllerException] Controller class JsController could not be found.
Exception Attributes: array (
  'class' => 'JsController',
  'plugin' => NULL,
)
Request URL: /cakepro/js/zebra_datepicker.js
Stack Trace:
#0 /var/www/html/cakepro/app/webroot/index.php(118): Dispatcher->dispatch(Object(CakeRequest), Object(CakeResponse))
#1 {main}
2015-08-10 13:18:12 Error: [MissingControllerException] Controller class CssController could not be found.
Exception Attributes: array (
  'class' => 'CssController',
  'plugin' => NULL,
)
Request URL: /cakepro/css/font-awesome.min.css
Stack Trace:
#0 /var/www/html/cakepro/app/webroot/index.php(118): Dispatcher->dispatch(Object(CakeRequest), Object(CakeResponse))
#1 {main}
2015-08-10 13:18:12 Error: [MissingControllerException] Controller class CssController could not be found.
Exception Attributes: array (
  'class' => 'CssController',
  'plugin' => NULL,
)
Request URL: /cakepro/css/zebra_datepicker.css
Stack Trace:
#0 /var/www/html/cakepro/app/webroot/index.php(118): Dispatcher->dispatch(Object(CakeRequest), Object(CakeResponse))
#1 {main}
2015-08-10 13:18:12 Error: [MissingControllerException] Controller class JsController could not be found.
Exception Attributes: array (
  'class' => 'JsController',
  'plugin' => NULL,
)
Request URL: /cakepro/js/jquery-2.1.4.min.js
Stack Trace:
#0 /var/www/html/cakepro/app/webroot/index.php(118): Dispatcher->dispatch(Object(CakeRequest), Object(CakeResponse))
#1 {main}
2015-08-10 13:18:12 Error: [MissingControllerException] Controller class JsController could not be found.
Exception Attributes: array (
  'class' => 'JsController',
  'plugin' => NULL,
)
Request URL: /cakepro/js/zebra_datepicker.js
Stack Trace:
#0 /var/www/html/cakepro/app/webroot/index.php(118): Dispatcher->dispatch(Object(CakeRequest), Object(CakeResponse))
#1 {main}
2015-08-10 13:18:13 Error: [MissingControllerException] Controller class JsController could not be found.
Exception Attributes: array (
  'class' => 'JsController',
  'plugin' => NULL,
)
Request URL: /cakepro/js/zebra_datepicker.js
Stack Trace:
#0 /var/www/html/cakepro/app/webroot/index.php(118): Dispatcher->dispatch(Object(CakeRequest), Object(CakeResponse))
#1 {main}
2015-08-10 13:18:46 Error: [MissingControllerException] Controller class CssController could not be found.
Exception Attributes: array (
  'class' => 'CssController',
  'plugin' => NULL,
)
Request URL: /cakepro/css/font-awesome.min.css
Stack Trace:
#0 /var/www/html/cakepro/app/webroot/index.php(118): Dispatcher->dispatch(Object(CakeRequest), Object(CakeResponse))
#1 {main}
2015-08-10 13:18:46 Error: [MissingControllerException] Controller class JsController could not be found.
Exception Attributes: array (
  'class' => 'JsController',
  'plugin' => NULL,
)
Request URL: /cakepro/js/jquery-2.1.4.min.js
Stack Trace:
#0 /var/www/html/cakepro/app/webroot/index.php(118): Dispatcher->dispatch(Object(CakeRequest), Object(CakeResponse))
#1 {main}
2015-08-10 13:18:51 Error: [MissingControllerException] Controller class CssController could not be found.
Exception Attributes: array (
  'class' => 'CssController',
  'plugin' => NULL,
)
Request URL: /cakepro/css/font-awesome.min.css
Stack Trace:
#0 /var/www/html/cakepro/app/webroot/index.php(118): Dispatcher->dispatch(Object(CakeRequest), Object(CakeResponse))
#1 {main}
2015-08-10 13:18:51 Error: [MissingControllerException] Controller class JsController could not be found.
Exception Attributes: array (
  'class' => 'JsController',
  'plugin' => NULL,
)
Request URL: /cakepro/js/jquery-2.1.4.min.js
Stack Trace:
#0 /var/www/html/cakepro/app/webroot/index.php(118): Dispatcher->dispatch(Object(CakeRequest), Object(CakeResponse))
#1 {main}
2015-08-10 13:19:39 Error: [MissingControllerException] Controller class CssController could not be found.
Exception Attributes: array (
  'class' => 'CssController',
  'plugin' => NULL,
)
Request URL: /cakepro/css/font-awesome.min.css
Stack Trace:
#0 /var/www/html/cakepro/app/webroot/index.php(118): Dispatcher->dispatch(Object(CakeRequest), Object(CakeResponse))
#1 {main}
2015-08-10 13:19:40 Error: [MissingControllerException] Controller class CssController could not be found.
Exception Attributes: array (
  'class' => 'CssController',
  'plugin' => NULL,
)
Request URL: /cakepro/css/font-awesome.min.css
Stack Trace:
#0 /var/www/html/cakepro/app/webroot/index.php(118): Dispatcher->dispatch(Object(CakeRequest), Object(CakeResponse))
#1 {main}
2015-08-10 13:19:41 Error: [MissingControllerException] Controller class CssController could not be found.
Exception Attributes: array (
  'class' => 'CssController',
  'plugin' => NULL,
)
Request URL: /cakepro/css/font-awesome.min.css
Stack Trace:
#0 /var/www/html/cakepro/app/webroot/index.php(118): Dispatcher->dispatch(Object(CakeRequest), Object(CakeResponse))
#1 {main}
2015-08-10 13:19:41 Error: [MissingControllerException] Controller class CssController could not be found.
Exception Attributes: array (
  'class' => 'CssController',
  'plugin' => NULL,
)
Request URL: /cakepro/css/font-awesome.min.css
Stack Trace:
#0 /var/www/html/cakepro/app/webroot/index.php(118): Dispatcher->dispatch(Object(CakeRequest), Object(CakeResponse))
#1 {main}
2015-08-10 13:19:42 Error: [MissingControllerException] Controller class CssController could not be found.
Exception Attributes: array (
  'class' => 'CssController',
  'plugin' => NULL,
)
Request URL: /cakepro/css/font-awesome.min.css
Stack Trace:
#0 /var/www/html/cakepro/app/webroot/index.php(118): Dispatcher->dispatch(Object(CakeRequest), Object(CakeResponse))
#1 {main}
2015-08-10 13:19:43 Error: [MissingControllerException] Controller class CssController could not be found.
Exception Attributes: array (
  'class' => 'CssController',
  'plugin' => NULL,
)
Request URL: /cakepro/css/font-awesome.min.css
Stack Trace:
#0 /var/www/html/cakepro/app/webroot/index.php(118): Dispatcher->dispatch(Object(CakeRequest), Object(CakeResponse))
#1 {main}
2015-08-10 13:19:44 Error: [MissingControllerException] Controller class CssController could not be found.
Exception Attributes: array (
  'class' => 'CssController',
  'plugin' => NULL,
)
Request URL: /cakepro/css/font-awesome.min.css
Stack Trace:
#0 /var/www/html/cakepro/app/webroot/index.php(118): Dispatcher->dispatch(Object(CakeRequest), Object(CakeResponse))
#1 {main}
2015-08-10 13:19:45 Error: [MissingControllerException] Controller class CssController could not be found.
Exception Attributes: array (
  'class' => 'CssController',
  'plugin' => NULL,
)
Request URL: /cakepro/css/font-awesome.min.css
Stack Trace:
#0 /var/www/html/cakepro/app/webroot/index.php(118): Dispatcher->dispatch(Object(CakeRequest), Object(CakeResponse))
#1 {main}
2015-08-10 13:19:46 Error: [MissingControllerException] Controller class CssController could not be found.
Exception Attributes: array (
  'class' => 'CssController',
  'plugin' => NULL,
)
Request URL: /cakepro/css/font-awesome.min.css
Stack Trace:
#0 /var/www/html/cakepro/app/webroot/index.php(118): Dispatcher->dispatch(Object(CakeRequest), Object(CakeResponse))
#1 {main}
2015-08-10 13:19:47 Error: [MissingControllerException] Controller class CssController could not be found.
Exception Attributes: array (
  'class' => 'CssController',
  'plugin' => NULL,
)
Request URL: /cakepro/css/font-awesome.min.css
Stack Trace:
#0 /var/www/html/cakepro/app/webroot/index.php(118): Dispatcher->dispatch(Object(CakeRequest), Object(CakeResponse))
#1 {main}
2015-08-10 13:19:47 Error: [MissingControllerException] Controller class CssController could not be found.
Exception Attributes: array (
  'class' => 'CssController',
  'plugin' => NULL,
)
Request URL: /cakepro/css/font-awesome.min.css
Stack Trace:
#0 /var/www/html/cakepro/app/webroot/index.php(118): Dispatcher->dispatch(Object(CakeRequest), Object(CakeResponse))
#1 {main}
2015-08-10 13:19:48 Error: [MissingControllerException] Controller class CssController could not be found.
Exception Attributes: array (
  'class' => 'CssController',
  'plugin' => NULL,
)
Request URL: /cakepro/css/font-awesome.min.css
Stack Trace:
#0 /var/www/html/cakepro/app/webroot/index.php(118): Dispatcher->dispatch(Object(CakeRequest), Object(CakeResponse))
#1 {main}
2015-08-10 13:19:52 Error: [MissingControllerException] Controller class CssController could not be found.
Exception Attributes: array (
  'class' => 'CssController',
  'plugin' => NULL,
)
Request URL: /cakepro/css/font-awesome.min.css
Stack Trace:
#0 /var/www/html/cakepro/app/webroot/index.php(118): Dispatcher->dispatch(Object(CakeRequest), Object(CakeResponse))
#1 {main}
2015-08-10 13:20:01 Error: [MissingControllerException] Controller class CssController could not be found.
Exception Attributes: array (
  'class' => 'CssController',
  'plugin' => NULL,
)
Request URL: /cakepro/css/font-awesome.min.css
Stack Trace:
#0 /var/www/html/cakepro/app/webroot/index.php(118): Dispatcher->dispatch(Object(CakeRequest), Object(CakeResponse))
#1 {main}
2015-08-10 13:20:16 Error: [MissingControllerException] Controller class CssController could not be found.
Exception Attributes: array (
  'class' => 'CssController',
  'plugin' => NULL,
)
Request URL: /cakepro/css/font-awesome.min.css
Stack Trace:
#0 /var/www/html/cakepro/app/webroot/index.php(118): Dispatcher->dispatch(Object(CakeRequest), Object(CakeResponse))
#1 {main}
2015-08-10 13:20:18 Error: [MissingControllerException] Controller class CssController could not be found.
Exception Attributes: array (
  'class' => 'CssController',
  'plugin' => NULL,
)
Request URL: /cakepro/css/font-awesome.min.css
Stack Trace:
#0 /var/www/html/cakepro/app/webroot/index.php(118): Dispatcher->dispatch(Object(CakeRequest), Object(CakeResponse))
#1 {main}
2015-08-10 13:20:19 Error: [MissingControllerException] Controller class CssController could not be found.
Exception Attributes: array (
  'class' => 'CssController',
  'plugin' => NULL,
)
Request URL: /cakepro/css/font-awesome.min.css
Stack Trace:
#0 /var/www/html/cakepro/app/webroot/index.php(118): Dispatcher->dispatch(Object(CakeRequest), Object(CakeResponse))
#1 {main}
2015-08-10 13:20:22 Error: [MissingControllerException] Controller class CssController could not be found.
Exception Attributes: array (
  'class' => 'CssController',
  'plugin' => NULL,
)
Request URL: /cakepro/css/font-awesome.min.css
Stack Trace:
#0 /var/www/html/cakepro/app/webroot/index.php(118): Dispatcher->dispatch(Object(CakeRequest), Object(CakeResponse))
#1 {main}
2015-08-10 13:22:51 Error: [MissingControllerException] Controller class CssController could not be found.
Exception Attributes: array (
  'class' => 'CssController',
  'plugin' => NULL,
)
Request URL: /cakepro/css/font-awesome.min.css
Stack Trace:
#0 /var/www/html/cakepro/app/webroot/index.php(118): Dispatcher->dispatch(Object(CakeRequest), Object(CakeResponse))
#1 {main}
2015-08-10 13:23:20 Error: [MissingControllerException] Controller class CssController could not be found.
Exception Attributes: array (
  'class' => 'CssController',
  'plugin' => NULL,
)
Request URL: /TaskBucksPro/css/font-awesome.min.css
Stack Trace:
#0 /var/www/html/TaskBucksPro/app/webroot/index.php(118): Dispatcher->dispatch(Object(CakeRequest), Object(CakeResponse))
#1 {main}
2015-08-10 13:23:20 Error: [MissingControllerException] Controller class ImgController could not be found.
Exception Attributes: array (
  'class' => 'ImgController',
  'plugin' => NULL,
)
Request URL: /TaskBucksPro/img/logo.png
Stack Trace:
#0 /var/www/html/TaskBucksPro/app/webroot/index.php(118): Dispatcher->dispatch(Object(CakeRequest), Object(CakeResponse))
#1 {main}
2015-08-10 13:23:22 Error: [MissingControllerException] Controller class CssController could not be found.
Exception Attributes: array (
  'class' => 'CssController',
  'plugin' => NULL,
)
Request URL: /TaskBucksPro/css/font-awesome.min.css
Stack Trace:
#0 /var/www/html/TaskBucksPro/app/webroot/index.php(118): Dispatcher->dispatch(Object(CakeRequest), Object(CakeResponse))
#1 {main}
2015-08-10 13:23:23 Error: [MissingControllerException] Controller class CssController could not be found.
Exception Attributes: array (
  'class' => 'CssController',
  'plugin' => NULL,
)
Request URL: /TaskBucksPro/css/font-awesome.min.css
Stack Trace:
#0 /var/www/html/TaskBucksPro/app/webroot/index.php(118): Dispatcher->dispatch(Object(CakeRequest), Object(CakeResponse))
#1 {main}
2015-08-10 13:23:24 Error: [MissingControllerException] Controller class CssController could not be found.
Exception Attributes: array (
  'class' => 'CssController',
  'plugin' => NULL,
)
Request URL: /TaskBucksPro/css/font-awesome.min.css
Stack Trace:
#0 /var/www/html/TaskBucksPro/app/webroot/index.php(118): Dispatcher->dispatch(Object(CakeRequest), Object(CakeResponse))
#1 {main}
2015-08-10 13:23:25 Error: [MissingControllerException] Controller class CssController could not be found.
Exception Attributes: array (
  'class' => 'CssController',
  'plugin' => NULL,
)
Request URL: /TaskBucksPro/css/font-awesome.min.css
Stack Trace:
#0 /var/www/html/TaskBucksPro/app/webroot/index.php(118): Dispatcher->dispatch(Object(CakeRequest), Object(CakeResponse))
#1 {main}
2015-08-10 13:23:49 Error: [MissingControllerException] Controller class CssController could not be found.
Exception Attributes: array (
  'class' => 'CssController',
  'plugin' => NULL,
)
Request URL: /TaskBucksPro/css/font-awesome.min.css
Stack Trace:
#0 /var/www/html/TaskBucksPro/app/webroot/index.php(118): Dispatcher->dispatch(Object(CakeRequest), Object(CakeResponse))
#1 {main}
2015-08-10 13:23:50 Error: [MissingControllerException] Controller class CssController could not be found.
Exception Attributes: array (
  'class' => 'CssController',
  'plugin' => NULL,
)
Request URL: /TaskBucksPro/css/font-awesome.min.css
Stack Trace:
#0 /var/www/html/TaskBucksPro/app/webroot/index.php(118): Dispatcher->dispatch(Object(CakeRequest), Object(CakeResponse))
#1 {main}
2015-08-10 13:24:25 Error: [MissingControllerException] Controller class CssController could not be found.
Exception Attributes: array (
  'class' => 'CssController',
  'plugin' => NULL,
)
Request URL: /TaskBucksPro/css/font-awesome.min.css
Stack Trace:
#0 /var/www/html/TaskBucksPro/app/webroot/index.php(118): Dispatcher->dispatch(Object(CakeRequest), Object(CakeResponse))
#1 {main}
2015-08-10 13:24:26 Error: [MissingControllerException] Controller class CssController could not be found.
Exception Attributes: array (
  'class' => 'CssController',
  'plugin' => NULL,
)
Request URL: /TaskBucksPro/css/font-awesome.min.css
Stack Trace:
#0 /var/www/html/TaskBucksPro/app/webroot/index.php(118): Dispatcher->dispatch(Object(CakeRequest), Object(CakeResponse))
#1 {main}
2015-08-10 13:24:35 Error: [MissingControllerException] Controller class CssController could not be found.
Exception Attributes: array (
  'class' => 'CssController',
  'plugin' => NULL,
)
Request URL: /TaskBucksPro/css/font-awesome.min.css
Stack Trace:
#0 /var/www/html/TaskBucksPro/app/webroot/index.php(118): Dispatcher->dispatch(Object(CakeRequest), Object(CakeResponse))
#1 {main}
2015-08-10 13:24:37 Error: [MissingControllerException] Controller class CssController could not be found.
Exception Attributes: array (
  'class' => 'CssController',
  'plugin' => NULL,
)
Request URL: /TaskBucksPro/css/font-awesome.min.css
Stack Trace:
#0 /var/www/html/TaskBucksPro/app/webroot/index.php(118): Dispatcher->dispatch(Object(CakeRequest), Object(CakeResponse))
#1 {main}
2015-08-10 13:25:33 Error: [MissingControllerException] Controller class CssController could not be found.
Exception Attributes: array (
  'class' => 'CssController',
  'plugin' => NULL,
)
Request URL: /TaskBucksPro/css/font-awesome.min.css
Stack Trace:
#0 /var/www/html/TaskBucksPro/app/webroot/index.php(118): Dispatcher->dispatch(Object(CakeRequest), Object(CakeResponse))
#1 {main}
2015-08-10 13:25:35 Error: [MissingControllerException] Controller class CssController could not be found.
Exception Attributes: array (
  'class' => 'CssController',
  'plugin' => NULL,
)
Request URL: /TaskBucksPro/css/font-awesome.min.css
Stack Trace:
#0 /var/www/html/TaskBucksPro/app/webroot/index.php(118): Dispatcher->dispatch(Object(CakeRequest), Object(CakeResponse))
#1 {main}
2015-08-10 13:25:36 Error: [MissingControllerException] Controller class ImgController could not be found.
Exception Attributes: array (
  'class' => 'ImgController',
  'plugin' => NULL,
)
Request URL: /TaskBucksPro/img/logo.png
Stack Trace:
#0 /var/www/html/TaskBucksPro/app/webroot/index.php(118): Dispatcher->dispatch(Object(CakeRequest), Object(CakeResponse))
#1 {main}
2015-08-10 13:25:37 Error: [MissingControllerException] Controller class CssController could not be found.
Exception Attributes: array (
  'class' => 'CssController',
  'plugin' => NULL,
)
Request URL: /TaskBucksPro/css/font-awesome.min.css
Stack Trace:
#0 /var/www/html/TaskBucksPro/app/webroot/index.php(118): Dispatcher->dispatch(Object(CakeRequest), Object(CakeResponse))
#1 {main}
2015-08-10 13:25:40 Error: [MissingControllerException] Controller class CssController could not be found.
Exception Attributes: array (
  'class' => 'CssController',
  'plugin' => NULL,
)
Request URL: /TaskBucksPro/css/font-awesome.min.css
Stack Trace:
#0 /var/www/html/TaskBucksPro/app/webroot/index.php(118): Dispatcher->dispatch(Object(CakeRequest), Object(CakeResponse))
#1 {main}
2015-08-10 13:27:04 Error: [MissingControllerException] Controller class CssController could not be found.
Exception Attributes: array (
  'class' => 'CssController',
  'plugin' => NULL,
)
Request URL: /TaskBucksPro/css/font-awesome.min.css
Stack Trace:
#0 /var/www/html/TaskBucksPro/app/webroot/index.php(118): Dispatcher->dispatch(Object(CakeRequest), Object(CakeResponse))
#1 {main}
2015-08-10 13:27:05 Error: [MissingControllerException] Controller class CssController could not be found.
Exception Attributes: array (
  'class' => 'CssController',
  'plugin' => NULL,
)
Request URL: /TaskBucksPro/css/font-awesome.min.css
Stack Trace:
#0 /var/www/html/TaskBucksPro/app/webroot/index.php(118): Dispatcher->dispatch(Object(CakeRequest), Object(CakeResponse))
#1 {main}
2015-08-10 13:27:05 Error: [MissingControllerException] Controller class CssController could not be found.
Exception Attributes: array (
  'class' => 'CssController',
  'plugin' => NULL,
)
Request URL: /TaskBucksPro/css/font-awesome.min.css
Stack Trace:
#0 /var/www/html/TaskBucksPro/app/webroot/index.php(118): Dispatcher->dispatch(Object(CakeRequest), Object(CakeResponse))
#1 {main}
2015-08-10 13:27:06 Error: [MissingControllerException] Controller class CssController could not be found.
Exception Attributes: array (
  'class' => 'CssController',
  'plugin' => NULL,
)
Request URL: /TaskBucksPro/css/font-awesome.min.css
Stack Trace:
#0 /var/www/html/TaskBucksPro/app/webroot/index.php(118): Dispatcher->dispatch(Object(CakeRequest), Object(CakeResponse))
#1 {main}
2015-08-10 13:27:06 Error: [MissingControllerException] Controller class CssController could not be found.
Exception Attributes: array (
  'class' => 'CssController',
  'plugin' => NULL,
)
Request URL: /TaskBucksPro/css/font-awesome.min.css
Stack Trace:
#0 /var/www/html/TaskBucksPro/app/webroot/index.php(118): Dispatcher->dispatch(Object(CakeRequest), Object(CakeResponse))
#1 {main}
2015-08-10 13:27:07 Error: [MissingControllerException] Controller class CssController could not be found.
Exception Attributes: array (
  'class' => 'CssController',
  'plugin' => NULL,
)
Request URL: /TaskBucksPro/css/font-awesome.min.css
Stack Trace:
#0 /var/www/html/TaskBucksPro/app/webroot/index.php(118): Dispatcher->dispatch(Object(CakeRequest), Object(CakeResponse))
#1 {main}
2015-08-10 13:27:16 Error: [MissingControllerException] Controller class CssController could not be found.
Exception Attributes: array (
  'class' => 'CssController',
  'plugin' => NULL,
)
Request URL: /TaskBucksPro/css/font-awesome.min.css
Stack Trace:
#0 /var/www/html/TaskBucksPro/app/webroot/index.php(118): Dispatcher->dispatch(Object(CakeRequest), Object(CakeResponse))
#1 {main}
2015-08-10 13:27:17 Error: [MissingControllerException] Controller class CssController could not be found.
Exception Attributes: array (
  'class' => 'CssController',
  'plugin' => NULL,
)
Request URL: /TaskBucksPro/css/font-awesome.min.css
Stack Trace:
#0 /var/www/html/TaskBucksPro/app/webroot/index.php(118): Dispatcher->dispatch(Object(CakeRequest), Object(CakeResponse))
#1 {main}
2015-08-10 13:27:25 Error: [MissingControllerException] Controller class CssController could not be found.
Exception Attributes: array (
  'class' => 'CssController',
  'plugin' => NULL,
)
Request URL: /TaskBucksPro/css/font-awesome.min.css
Stack Trace:
#0 /var/www/html/TaskBucksPro/app/webroot/index.php(118): Dispatcher->dispatch(Object(CakeRequest), Object(CakeResponse))
#1 {main}
2015-08-10 13:42:25 Error: [MissingActionException] Action CampaignsController::img() could not be found.
Exception Attributes: array (
  'controller' => 'CampaignsController',
  'action' => 'img',
)
Request URL: /TaskBucksPro/campaigns/img/logo.png
Stack Trace:
#0 /var/www/html/TaskBucksPro/lib/Cake/Routing/Dispatcher.php(193): Controller->invokeAction(Object(CakeRequest))
#1 /var/www/html/TaskBucksPro/lib/Cake/Routing/Dispatcher.php(167): Dispatcher->_invoke(Object(CampaignsController), Object(CakeRequest))
#2 /var/www/html/TaskBucksPro/app/webroot/index.php(118): Dispatcher->dispatch(Object(CakeRequest), Object(CakeResponse))
#3 {main}
